[11/Apr/2022:07:36:45] (I): WordPress Instance Info:
[11/Apr/2022:07:36:45] (I): Home URL : http://3.24.13.62
[11/Apr/2022:07:36:45] (I): Site URL : http://3.24.13.62
[11/Apr/2022:07:36:45] (I): WordPress Version : 5.9.3
[11/Apr/2022:07:36:45] (I): Onboarding Version : 1.1.21
[11/Apr/2022:07:36:45] (I): Multisite : No
[11/Apr/2022:07:36:45] (I): Server Info : Apache
[11/Apr/2022:07:36:45] (I): PHP Version : 7.4.28
[11/Apr/2022:07:36:45] (I): HTTPS : No
[11/Apr/2022:07:36:45] (I): PHP Max Execution Time : 30
[11/Apr/2022:07:36:45] (I): PHP Max Input Vars : 1000
[11/Apr/2022:07:36:45] (I): Max Upload Size : 83886080
[11/Apr/2022:07:36:45] (I): Plugins:
[11/Apr/2022:07:36:45] (I): [PLUGIN] Everest Forms : v1.8.6 (WPEverest)
[11/Apr/2022:07:36:45] (I): [PLUGIN] Futurio Extra : v1.6.3 (FuturioWP)
[11/Apr/2022:07:36:45] (I): [PLUGIN] HD Quiz : v1.8.5 (Harmonic Design)
[11/Apr/2022:07:36:45] (I): [PLUGIN] Insert PHP Code Snippet : v1.3.3 (xyzscripts.com)
[11/Apr/2022:07:36:45] (I): [PLUGIN] Jetpack : v10.8 (Automattic)
[11/Apr/2022:07:36:45] (I): [PLUGIN] Kadence Starter Templates : v1.2.13 (Kadence WP)
[11/Apr/2022:07:36:45] (I): [PLUGIN] Quiz Cat Free : v2.1.1 (Fatcat Apps)
[11/Apr/2022:07:36:45] (I): [PLUGIN] Quiz Maker : v6.3.2.0 (Quiz Maker team)
[11/Apr/2022:07:36:45] (I): [PLUGIN] Page Builder by SiteOrigin : v2.16.9 (SiteOrigin)
[11/Apr/2022:07:36:45] (I): [PLUGIN] Templates Patterns Collection : v1.1.21 (ThemeIsle)
[11/Apr/2022:07:36:45] (I): [PLUGIN] ThemeGrill Demo Importer : v1.8.0 (ThemeGrill)
[11/Apr/2022:07:36:45] (I): [PLUGIN] WooCommerce : v6.3.1 (Automattic)
[11/Apr/2022:07:36:45] (I): [PLUGIN] Wordfence Security : v7.5.9 (Wordfence)
[11/Apr/2022:07:36:45] (I): [PLUGIN] WP phpMyAdmin : v5.2.0.1 (Puvox.software)
